<?xml version="1.0" encoding="UTF-8"?>
<!-- Generated by org.testng.reporters.JUnitReportReporter -->
<testsuite hostname="DESKTOP-3B2G8AU" failures="0" tests="1" name="tests.Test_001" time="66.018" errors="0" timestamp="09 Dec 2023 00:36:25 GMT" skipped="0">
  <testcase classname="tests.Test_001" name="purchase" time="66.018"/>
</testsuite> <!-- tests.Test_001 -->
