<?xml version="1.0" encoding="UTF-8"?>
<!-- Generated by org.testng.reporters.JUnitReportReporter -->
<testsuite hostname="DESKTOP-3B2G8AU" failures="0" tests="1" name="tests.Test_001" time="62.072" errors="0" timestamp="06 Dec 2023 12:34:20 GMT" skipped="0">
  <testcase classname="tests.Test_001" name="purchase" time="62.072"/>
</testsuite> <!-- tests.Test_001 -->
